[0m14:53:31.521900 [debug] [MainThread]: Sending event: {'category': 'dbt', 'action': 'invocation', 'label': 'start', 'context': [<snowplow_tracker.self_describing_json.SelfDescribingJson object at 0x103e1bc80>, <snowplow_tracker.self_describing_json.SelfDescribingJson object at 0x1044f9c70>, <snowplow_tracker.self_describing_json.SelfDescribingJson object at 0x1044f9940>]}


============================== 14:53:31.524548 | a4ef4d68-3f13-4331-a559-c25fc9a2c32d ==============================
[0m14:53:31.524548 [info ] [MainThread]: Running with dbt=1.9.2
[0m14:53:31.524858 [debug] [MainThread]: running dbt with arguments {'printer_width': '80', 'indirect_selection': 'eager', 'write_json': 'True', 'log_cache_events': 'False', 'partial_parse': 'True', 'cache_selected_only': 'False', 'profiles_dir': '/Users/jpurrutia/.dbt', 'fail_fast': 'False', 'debug': 'False', 'log_path': 'logs', 'warn_error': 'None', 'version_check': 'True', 'use_colors': 'True', 'use_experimental_parser': 'False', 'no_print': 'None', 'quiet': 'False', 'empty': 'None', 'warn_error_options': 'WarnErrorOptions(include=[], exclude=[])', 'introspect': 'True', 'log_format': 'default', 'static_parser': 'True', 'target_path': 'None', 'invocation_command': 'dbt init', 'send_anonymous_usage_stats': 'True'}
[0m14:53:37.717264 [debug] [MainThread]: Starter project path: /Users/jpurrutia/projects/mlb-analytics/.venv/lib/python3.12/site-packages/dbt/include/starter_project
[0m14:53:37.728087 [info ] [MainThread]: 
Your new dbt project "mlb_dbt" was created!

For more information on how to configure the profiles.yml file,
please consult the dbt documentation here:

  https://docs.getdbt.com/docs/configure-your-profile

One more thing:

Need help? Don't hesitate to reach out to us via GitHub issues or on Slack:

  https://community.getdbt.com/

Happy modeling!

[0m14:53:37.728652 [info ] [MainThread]: Setting up your profile.
[0m14:55:26.966227 [info ] [MainThread]: Profile mlb_dbt written to /Users/jpurrutia/.dbt/profiles.yml using target's profile_template.yml and your supplied values. Run 'dbt debug' to validate the connection.
[0m14:55:26.980105 [debug] [MainThread]: Resource report: {"command_name": "init", "command_success": true, "command_wall_clock_time": 115.50544, "process_in_blocks": "0", "process_kernel_time": 0.199421, "process_mem_max_rss": "100483072", "process_out_blocks": "0", "process_user_time": 0.696018}
[0m14:55:26.981130 [debug] [MainThread]: Command `dbt init` succeeded at 14:55:26.980834 after 115.51 seconds
[0m14:55:26.982225 [debug] [MainThread]: Sending event: {'category': 'dbt', 'action': 'invocation', 'label': 'end', 'context': [<snowplow_tracker.self_describing_json.SelfDescribingJson object at 0x1041e74a0>, <snowplow_tracker.self_describing_json.SelfDescribingJson object at 0x104a077d0>, <snowplow_tracker.self_describing_json.SelfDescribingJson object at 0x10458bbf0>]}
[0m14:55:26.982827 [debug] [MainThread]: Flushing usage events
[0m14:55:27.478627 [debug] [MainThread]: An error was encountered while trying to flush usage events
